<?xml version="1.0" encoding="UTF-8"?>
<testng-results ignored="2" total="4" passed="2" failed="0" skipped="0">
  <reporter-output>
  </reporter-output>
  <suite started-at="2025-01-28T11:55:25 IST" name="Suite" finished-at="2025-01-28T11:55:51 IST" duration-ms="26219">
    <groups>
    </groups>
    <test started-at="2025-01-28T11:55:25 IST" name="Test" finished-at="2025-01-28T11:55:51 IST" duration-ms="26219">
      <class name="com.Selenium.Computer.Tc_Dws_002_Test">
        <test-method is-config="true" signature="configReport()[pri:0, instance:com.Selenium.Computer.Tc_Dws_002_Test@1aafa419]" started-at="2025-01-28T11:55:25 IST" name="configReport" finished-at="2025-01-28T11:55:25 IST" duration-ms="262" status="PASS">
          <reporter-output>
          </reporter-output>
        </test-method> <!-- configReport -->
        <test-method is-config="true" signature="launchBrowser(java.lang.String)[pri:0, instance:com.Selenium.Computer.Tc_Dws_002_Test@1aafa419]" started-at="2025-01-28T11:55:25 IST" name="launchBrowser" finished-at="2025-01-28T11:55:32 IST" duration-ms="6766" status="PASS">
          <params>
            <param index="0">
              <value>
                <![CDATA[chrome]]>
              </value>
            </param>
          </params>
          <reporter-output>
          </reporter-output>
        </test-method> <!-- launchBrowser -->
        <test-method is-config="true" signature="login()[pri:0, instance:com.Selenium.Computer.Tc_Dws_002_Test@1aafa419]" started-at="2025-01-28T11:55:32 IST" name="login" finished-at="2025-01-28T11:55:35 IST" duration-ms="3308" status="PASS">
          <reporter-output>
          </reporter-output>
        </test-method> <!-- login -->
        <test-method signature="clickOnComputers()[pri:0, instance:com.Selenium.Computer.Tc_Dws_002_Test@1aafa419]" started-at="2025-01-28T11:55:35 IST" name="clickOnComputers" finished-at="2025-01-28T11:55:38 IST" duration-ms="2824" status="PASS">
          <reporter-output>
          </reporter-output>
        </test-method> <!-- clickOnComputers -->
        <test-method is-config="true" signature="logout()[pri:0, instance:com.Selenium.Computer.Tc_Dws_002_Test@1aafa419]" started-at="2025-01-28T11:55:38 IST" name="logout" finished-at="2025-01-28T11:55:40 IST" duration-ms="1907" status="PASS">
          <reporter-output>
          </reporter-output>
        </test-method> <!-- logout -->
        <test-method is-config="true" signature="closeBrowser()[pri:0, instance:com.Selenium.Computer.Tc_Dws_002_Test@1aafa419]" started-at="2025-01-28T11:55:40 IST" name="closeBrowser" finished-at="2025-01-28T11:55:40 IST" duration-ms="604" status="PASS">
          <reporter-output>
          </reporter-output>
        </test-method> <!-- closeBrowser -->
        <test-method is-config="true" signature="reportBackUp()[pri:0, instance:com.Selenium.Computer.Tc_Dws_002_Test@1aafa419]" started-at="2025-01-28T11:55:51 IST" name="reportBackUp" finished-at="2025-01-28T11:55:52 IST" duration-ms="883" status="PASS">
          <reporter-output>
          </reporter-output>
        </test-method> <!-- reportBackUp -->
      </class> <!-- com.Selenium.Computer.Tc_Dws_002_Test -->
      <class name="com.Selenium.Book.Tc_Dws_001_Test">
        <test-method is-config="true" signature="launchBrowser(java.lang.String)[pri:0, instance:com.Selenium.Book.Tc_Dws_001_Test@14cd1699]" started-at="2025-01-28T11:55:40 IST" name="launchBrowser" finished-at="2025-01-28T11:55:47 IST" duration-ms="6273" status="PASS">
          <params>
            <param index="0">
              <value>
                <![CDATA[chrome]]>
              </value>
            </param>
          </params>
          <reporter-output>
          </reporter-output>
        </test-method> <!-- launchBrowser -->
        <test-method is-config="true" signature="login()[pri:0, instance:com.Selenium.Book.Tc_Dws_001_Test@14cd1699]" started-at="2025-01-28T11:55:47 IST" name="login" finished-at="2025-01-28T11:55:49 IST" duration-ms="2047" status="PASS">
          <reporter-output>
          </reporter-output>
        </test-method> <!-- login -->
        <test-method signature="clickOnBooks()[pri:0, instance:com.Selenium.Book.Tc_Dws_001_Test@14cd1699]" started-at="2025-01-28T11:55:49 IST" name="clickOnBooks" finished-at="2025-01-28T11:55:50 IST" duration-ms="1048" status="PASS">
          <reporter-output>
          </reporter-output>
        </test-method> <!-- clickOnBooks -->
        <test-method is-config="true" signature="logout()[pri:0, instance:com.Selenium.Book.Tc_Dws_001_Test@14cd1699]" started-at="2025-01-28T11:55:50 IST" name="logout" finished-at="2025-01-28T11:55:51 IST" duration-ms="950" status="PASS">
          <reporter-output>
          </reporter-output>
        </test-method> <!-- logout -->
        <test-method is-config="true" signature="closeBrowser()[pri:0, instance:com.Selenium.Book.Tc_Dws_001_Test@14cd1699]" started-at="2025-01-28T11:55:51 IST" name="closeBrowser" finished-at="2025-01-28T11:55:51 IST" duration-ms="437" status="PASS">
          <reporter-output>
          </reporter-output>
        </test-method> <!-- closeBrowser -->
      </class> <!-- com.Selenium.Book.Tc_Dws_001_Test -->
    </test> <!-- Test -->
  </suite> <!-- Suite -->
</testng-results>
