<?xml version="1.0" encoding="UTF-8"?>
<!-- Generated by org.testng.reporters.JUnitXMLReporter -->
<testsuite ignored="2" hostname="Gaurav" failures="0" tests="2" name="Test" time="26.219" errors="0" timestamp="2025-01-28T11:55:51 IST">
  <testcase classname="com.Selenium.Computer.Tc_Dws_002_Test" name="clickOnComputers" time="2.824"/>
  <testcase classname="com.Selenium.Book.Tc_Dws_001_Test" name="clickOnBooks" time="1.048"/>
  <testcase classname="com.Selenium.genericUtility.BaseClass" name="@BeforeSuite configReport" time="0.0">
    <ignored/>
  </testcase> <!-- @BeforeSuite configReport -->
  <testcase classname="com.Selenium.genericUtility.BaseClass" name="@AfterSuite reportBackUp" time="0.0">
    <ignored/>
  </testcase> <!-- @AfterSuite reportBackUp -->
</testsuite> <!-- Test -->
